actionid: tox
msg: packaging
cmdargs: ['/home/dowwie/yosai/venv_34/bin/python3.4', local('/home/dowwie/yosai/yosai/setup.py'), 'sdist', '--formats=zip', '--dist-dir', local('/home/dowwie/yosai/yosai/.tox/dist')]
env: None

running sdist
running egg_info
creating yosai.egg-info
writing requirements to yosai.egg-info/requires.txt
writing dependency_links to yosai.egg-info/dependency_links.txt
writing yosai.egg-info/PKG-INFO
writing top-level names to yosai.egg-info/top_level.txt
writing manifest file 'yosai.egg-info/SOURCES.txt'
writing manifest file 'yosai.egg-info/SOURCES.txt'
warning: sdist: standard file not found: should have one of README, README.rst, README.txt

running check
creating yosai-0.1.0.post0+dirty
creating yosai-0.1.0.post0+dirty/doc
creating yosai-0.1.0.post0+dirty/doc/docs
creating yosai-0.1.0.post0+dirty/doc/docs/css
creating yosai-0.1.0.post0+dirty/doc/docs/img
creating yosai-0.1.0.post0+dirty/doc/docs/js
creating yosai-0.1.0.post0+dirty/test
creating yosai-0.1.0.post0+dirty/test/integrated_tests
creating yosai-0.1.0.post0+dirty/test/integrated_tests/authc
creating yosai-0.1.0.post0+dirty/test/integrated_tests/authz
creating yosai-0.1.0.post0+dirty/test/integrated_tests/realm
creating yosai-0.1.0.post0+dirty/test/integrated_tests/session
creating yosai-0.1.0.post0+dirty/test/integrated_tests/subject
creating yosai-0.1.0.post0+dirty/test/integrated_tests/web
creating yosai-0.1.0.post0+dirty/test/isolated_tests
creating yosai-0.1.0.post0+dirty/test/isolated_tests/authc
creating yosai-0.1.0.post0+dirty/test/isolated_tests/authz
creating yosai-0.1.0.post0+dirty/test/isolated_tests/concurrency
creating yosai-0.1.0.post0+dirty/test/isolated_tests/conf
creating yosai-0.1.0.post0+dirty/test/isolated_tests/context
creating yosai-0.1.0.post0+dirty/test/isolated_tests/event
creating yosai-0.1.0.post0+dirty/test/isolated_tests/mgt
creating yosai-0.1.0.post0+dirty/test/isolated_tests/realm
creating yosai-0.1.0.post0+dirty/test/isolated_tests/serialize
creating yosai-0.1.0.post0+dirty/test/isolated_tests/session
creating yosai-0.1.0.post0+dirty/test/isolated_tests/subject
creating yosai-0.1.0.post0+dirty/yosai
creating yosai-0.1.0.post0+dirty/yosai.egg-info
creating yosai-0.1.0.post0+dirty/yosai/core
creating yosai-0.1.0.post0+dirty/yosai/core/account
creating yosai-0.1.0.post0+dirty/yosai/core/authc
creating yosai-0.1.0.post0+dirty/yosai/core/authz
creating yosai-0.1.0.post0+dirty/yosai/core/cache
creating yosai-0.1.0.post0+dirty/yosai/core/concurrency
creating yosai-0.1.0.post0+dirty/yosai/core/conf
creating yosai-0.1.0.post0+dirty/yosai/core/conf/env
creating yosai-0.1.0.post0+dirty/yosai/core/context
creating yosai-0.1.0.post0+dirty/yosai/core/event
creating yosai-0.1.0.post0+dirty/yosai/core/logging
creating yosai-0.1.0.post0+dirty/yosai/core/mgt
creating yosai-0.1.0.post0+dirty/yosai/core/realm
creating yosai-0.1.0.post0+dirty/yosai/core/serialize
creating yosai-0.1.0.post0+dirty/yosai/core/session
creating yosai-0.1.0.post0+dirty/yosai/core/subject
creating yosai-0.1.0.post0+dirty/yosai/core/utils
creating yosai-0.1.0.post0+dirty/yosai/web
creating yosai-0.1.0.post0+dirty/yosai/web/mgt
creating yosai-0.1.0.post0+dirty/yosai/web/session
creating yosai-0.1.0.post0+dirty/yosai/web/subject
creating yosai-0.1.0.post0+dirty/yosai/web/utils
making hard links in yosai-0.1.0.post0+dirty...
hard linking .coverage -> yosai-0.1.0.post0+dirty
hard linking .gitignore -> yosai-0.1.0.post0+dirty
hard linking CHANGES.md -> yosai-0.1.0.post0+dirty
hard linking CODE_OF_CONDUCT.md -> yosai-0.1.0.post0+dirty
hard linking CONTRIBUTING.md -> yosai-0.1.0.post0+dirty
hard linking LICENSE -> yosai-0.1.0.post0+dirty
hard linking README.md -> yosai-0.1.0.post0+dirty
hard linking TO-DO.txt -> yosai-0.1.0.post0+dirty
hard linking contributors.txt -> yosai-0.1.0.post0+dirty
hard linking setup.cfg -> yosai-0.1.0.post0+dirty
hard linking setup.py -> yosai-0.1.0.post0+dirty
hard linking tox.ini -> yosai-0.1.0.post0+dirty
hard linking doc/mkdocs.yml -> yosai-0.1.0.post0+dirty/doc
hard linking doc/docs/architecture.md -> yosai-0.1.0.post0+dirty/doc/docs
hard linking doc/docs/authentication.md -> yosai-0.1.0.post0+dirty/doc/docs
hard linking doc/docs/authorization.md -> yosai-0.1.0.post0+dirty/doc/docs
hard linking doc/docs/code_of_conduct.md -> yosai-0.1.0.post0+dirty/doc/docs
hard linking doc/docs/community.md -> yosai-0.1.0.post0+dirty/doc/docs
hard linking doc/docs/contributing.md -> yosai-0.1.0.post0+dirty/doc/docs
hard linking doc/docs/credits.md -> yosai-0.1.0.post0+dirty/doc/docs
hard linking doc/docs/devstatus.md -> yosai-0.1.0.post0+dirty/doc/docs
hard linking doc/docs/events.md -> yosai-0.1.0.post0+dirty/doc/docs
hard linking doc/docs/index.md -> yosai-0.1.0.post0+dirty/doc/docs
hard linking doc/docs/installation_setup.md -> yosai-0.1.0.post0+dirty/doc/docs
hard linking doc/docs/intro.md -> yosai-0.1.0.post0+dirty/doc/docs
hard linking doc/docs/library.md -> yosai-0.1.0.post0+dirty/doc/docs
hard linking doc/docs/quickstart.md -> yosai-0.1.0.post0+dirty/doc/docs
hard linking doc/docs/serialization.md -> yosai-0.1.0.post0+dirty/doc/docs
hard linking doc/docs/sessionmanagement.md -> yosai-0.1.0.post0+dirty/doc/docs
hard linking doc/docs/web.md -> yosai-0.1.0.post0+dirty/doc/docs
hard linking doc/docs/css/extra.css -> yosai-0.1.0.post0+dirty/doc/docs/css
hard linking doc/docs/img/404.png -> yosai-0.1.0.post0+dirty/doc/docs/img
hard linking doc/docs/img/RBAC_hierarchy.png -> yosai-0.1.0.post0+dirty/doc/docs/img
hard linking doc/docs/img/anon_architecture.png -> yosai-0.1.0.post0+dirty/doc/docs/img
hard linking doc/docs/img/apache-shiro-logo.png -> yosai-0.1.0.post0+dirty/doc/docs/img
hard linking doc/docs/img/arch_subject.png -> yosai-0.1.0.post0+dirty/doc/docs/img
hard linking doc/docs/img/auth_cloud.png -> yosai-0.1.0.post0+dirty/doc/docs/img
hard linking doc/docs/img/authc_authz_sess.png -> yosai-0.1.0.post0+dirty/doc/docs/img
hard linking doc/docs/img/authentication.jpg -> yosai-0.1.0.post0+dirty/doc/docs/img
hard linking doc/docs/img/authorization.png -> yosai-0.1.0.post0+dirty/doc/docs/img
hard linking doc/docs/img/batteries_included.png -> yosai-0.1.0.post0+dirty/doc/docs/img
hard linking doc/docs/img/cache_bw.png -> yosai-0.1.0.post0+dirty/doc/docs/img
hard linking doc/docs/img/eventdriven.png -> yosai-0.1.0.post0+dirty/doc/docs/img
hard linking doc/docs/img/finish_line.png -> yosai-0.1.0.post0+dirty/doc/docs/img
hard linking doc/docs/img/idle.png -> yosai-0.1.0.post0+dirty/doc/docs/img
hard linking doc/docs/img/intro-bg.jpg -> yosai-0.1.0.post0+dirty/doc/docs/img
hard linking doc/docs/img/logs.png -> yosai-0.1.0.post0+dirty/doc/docs/img
hard linking doc/docs/img/marshmallow-logo.png -> yosai-0.1.0.post0+dirty/doc/docs/img
hard linking doc/docs/img/pluggable_security.png -> yosai-0.1.0.post0+dirty/doc/docs/img
hard linking doc/docs/img/project_under_development.jpg -> yosai-0.1.0.post0+dirty/doc/docs/img
hard linking doc/docs/img/pubsub.png -> yosai-0.1.0.post0+dirty/doc/docs/img
hard linking doc/docs/img/respect.jpg -> yosai-0.1.0.post0+dirty/doc/docs/img
hard linking doc/docs/img/serialization_process.png -> yosai-0.1.0.post0+dirty/doc/docs/img
hard linking doc/docs/img/session_event_processing.png -> yosai-0.1.0.post0+dirty/doc/docs/img
hard linking doc/docs/img/session_timeout.png -> yosai-0.1.0.post0+dirty/doc/docs/img
hard linking doc/docs/img/sessionmanagement.png -> yosai-0.1.0.post0+dirty/doc/docs/img
hard linking doc/docs/img/train-wreck.jpg -> yosai-0.1.0.post0+dirty/doc/docs/img
hard linking doc/docs/img/ttl.png -> yosai-0.1.0.post0+dirty/doc/docs/img
hard linking doc/docs/img/user_role_permission.png -> yosai-0.1.0.post0+dirty/doc/docs/img
hard linking doc/docs/img/yosai.svg -> yosai-0.1.0.post0+dirty/doc/docs/img
hard linking doc/docs/img/yosai_architecture.png -> yosai-0.1.0.post0+dirty/doc/docs/img
hard linking doc/docs/img/yosai_framework.png -> yosai-0.1.0.post0+dirty/doc/docs/img
hard linking doc/docs/img/yosai_header.jpg -> yosai-0.1.0.post0+dirty/doc/docs/img
hard linking doc/docs/img/yosai_logo_with_title.png -> yosai-0.1.0.post0+dirty/doc/docs/img
hard linking doc/docs/img/yosai_runas.png -> yosai-0.1.0.post0+dirty/doc/docs/img
hard linking doc/docs/img/yosai_subject.png -> yosai-0.1.0.post0+dirty/doc/docs/img
hard linking doc/docs/img/yosai_web_architecture.png -> yosai-0.1.0.post0+dirty/doc/docs/img
hard linking doc/docs/js/extra.js -> yosai-0.1.0.post0+dirty/doc/docs/js
hard linking doc/docs/js/web.md -> yosai-0.1.0.post0+dirty/doc/docs/js
hard linking test/__init__.py -> yosai-0.1.0.post0+dirty/test
hard linking test/conftest.py -> yosai-0.1.0.post0+dirty/test
hard linking test/doubles.py -> yosai-0.1.0.post0+dirty/test
hard linking test/integrated_tests/__init__.py -> yosai-0.1.0.post0+dirty/test/integrated_tests
hard linking test/integrated_tests/conftest.py -> yosai-0.1.0.post0+dirty/test/integrated_tests
hard linking test/integrated_tests/authc/__init__.py -> yosai-0.1.0.post0+dirty/test/integrated_tests/authc
hard linking test/integrated_tests/authc/conftest.py -> yosai-0.1.0.post0+dirty/test/integrated_tests/authc
hard linking test/integrated_tests/authc/test_authentication.py -> yosai-0.1.0.post0+dirty/test/integrated_tests/authc
hard linking test/integrated_tests/authz/__init__.py -> yosai-0.1.0.post0+dirty/test/integrated_tests/authz
hard linking test/integrated_tests/authz/conftest.py -> yosai-0.1.0.post0+dirty/test/integrated_tests/authz
hard linking test/integrated_tests/authz/test_integrated_authz.py -> yosai-0.1.0.post0+dirty/test/integrated_tests/authz
hard linking test/integrated_tests/realm/__init__.py -> yosai-0.1.0.post0+dirty/test/integrated_tests/realm
hard linking test/integrated_tests/realm/test_accountstore.py -> yosai-0.1.0.post0+dirty/test/integrated_tests/realm
hard linking test/integrated_tests/realm/test_multithreaded.py -> yosai-0.1.0.post0+dirty/test/integrated_tests/realm
hard linking test/integrated_tests/session/__init__.py -> yosai-0.1.0.post0+dirty/test/integrated_tests/session
hard linking test/integrated_tests/session/conftest.py -> yosai-0.1.0.post0+dirty/test/integrated_tests/session
hard linking test/integrated_tests/session/test_caching_session_management.py -> yosai-0.1.0.post0+dirty/test/integrated_tests/session
hard linking test/integrated_tests/subject/__init__.py -> yosai-0.1.0.post0+dirty/test/integrated_tests/subject
hard linking test/integrated_tests/subject/test_subject.py -> yosai-0.1.0.post0+dirty/test/integrated_tests/subject
hard linking test/integrated_tests/web/__init__.py -> yosai-0.1.0.post0+dirty/test/integrated_tests/web
hard linking test/integrated_tests/web/conftest.py -> yosai-0.1.0.post0+dirty/test/integrated_tests/web
hard linking test/integrated_tests/web/test_web_session.py -> yosai-0.1.0.post0+dirty/test/integrated_tests/web
hard linking test/isolated_tests/.coverage -> yosai-0.1.0.post0+dirty/test/isolated_tests
hard linking test/isolated_tests/__init__.py -> yosai-0.1.0.post0+dirty/test/isolated_tests
hard linking test/isolated_tests/conftest.py -> yosai-0.1.0.post0+dirty/test/isolated_tests
hard linking test/isolated_tests/doubles.py -> yosai-0.1.0.post0+dirty/test/isolated_tests
hard linking test/isolated_tests/matcher.py -> yosai-0.1.0.post0+dirty/test/isolated_tests
hard linking test/isolated_tests/authc/__init__.py -> yosai-0.1.0.post0+dirty/test/isolated_tests/authc
hard linking test/isolated_tests/authc/conftest.py -> yosai-0.1.0.post0+dirty/test/isolated_tests/authc
hard linking test/isolated_tests/authc/test_authc.py -> yosai-0.1.0.post0+dirty/test/isolated_tests/authc
hard linking test/isolated_tests/authc/test_authc_account.py -> yosai-0.1.0.post0+dirty/test/isolated_tests/authc
hard linking test/isolated_tests/authc/test_authc_context.py -> yosai-0.1.0.post0+dirty/test/isolated_tests/authc
hard linking test/isolated_tests/authc/test_authc_credential.py -> yosai-0.1.0.post0+dirty/test/isolated_tests/authc
hard linking test/isolated_tests/authc/test_authc_strategy.py -> yosai-0.1.0.post0+dirty/test/isolated_tests/authc
hard linking test/isolated_tests/authz/__init__.py -> yosai-0.1.0.post0+dirty/test/isolated_tests/authz
hard linking test/isolated_tests/authz/conftest.py -> yosai-0.1.0.post0+dirty/test/isolated_tests/authz
hard linking test/isolated_tests/authz/doubles.py -> yosai-0.1.0.post0+dirty/test/isolated_tests/authz
hard linking test/isolated_tests/authz/test_authz.py -> yosai-0.1.0.post0+dirty/test/isolated_tests/authz
hard linking test/isolated_tests/authz/test_authz_permission.py -> yosai-0.1.0.post0+dirty/test/isolated_tests/authz
hard linking test/isolated_tests/concurrency/__init__.py -> yosai-0.1.0.post0+dirty/test/isolated_tests/concurrency
hard linking test/isolated_tests/concurrency/conftest.py -> yosai-0.1.0.post0+dirty/test/isolated_tests/concurrency
hard linking test/isolated_tests/concurrency/fixtures.py -> yosai-0.1.0.post0+dirty/test/isolated_tests/concurrency
hard linking test/isolated_tests/concurrency/test_concurrency.py -> yosai-0.1.0.post0+dirty/test/isolated_tests/concurrency
hard linking test/isolated_tests/conf/__init__.py -> yosai-0.1.0.post0+dirty/test/isolated_tests/conf
hard linking test/isolated_tests/conf/conftest.py -> yosai-0.1.0.post0+dirty/test/isolated_tests/conf
hard linking test/isolated_tests/conf/test_conf.py -> yosai-0.1.0.post0+dirty/test/isolated_tests/conf
hard linking test/isolated_tests/context/__init__.py -> yosai-0.1.0.post0+dirty/test/isolated_tests/context
hard linking test/isolated_tests/context/conftest.py -> yosai-0.1.0.post0+dirty/test/isolated_tests/context
hard linking test/isolated_tests/context/test_context.py -> yosai-0.1.0.post0+dirty/test/isolated_tests/context
hard linking test/isolated_tests/event/__init__.py -> yosai-0.1.0.post0+dirty/test/isolated_tests/event
hard linking test/isolated_tests/event/conftest.py -> yosai-0.1.0.post0+dirty/test/isolated_tests/event
hard linking test/isolated_tests/event/test_event.py -> yosai-0.1.0.post0+dirty/test/isolated_tests/event
hard linking test/isolated_tests/mgt/__init__.py -> yosai-0.1.0.post0+dirty/test/isolated_tests/mgt
hard linking test/isolated_tests/mgt/conftest.py -> yosai-0.1.0.post0+dirty/test/isolated_tests/mgt
hard linking test/isolated_tests/mgt/doubles.py -> yosai-0.1.0.post0+dirty/test/isolated_tests/mgt
hard linking test/isolated_tests/mgt/test_mgt.py -> yosai-0.1.0.post0+dirty/test/isolated_tests/mgt
hard linking test/isolated_tests/realm/__init__.py -> yosai-0.1.0.post0+dirty/test/isolated_tests/realm
hard linking test/isolated_tests/realm/test_realm.py -> yosai-0.1.0.post0+dirty/test/isolated_tests/realm
hard linking test/isolated_tests/serialize/__init__.py -> yosai-0.1.0.post0+dirty/test/isolated_tests/serialize
hard linking test/isolated_tests/serialize/conftest.py -> yosai-0.1.0.post0+dirty/test/isolated_tests/serialize
hard linking test/isolated_tests/serialize/doubles.py -> yosai-0.1.0.post0+dirty/test/isolated_tests/serialize
hard linking test/isolated_tests/serialize/test_serialize.py -> yosai-0.1.0.post0+dirty/test/isolated_tests/serialize
hard linking test/isolated_tests/session/__init__.py -> yosai-0.1.0.post0+dirty/test/isolated_tests/session
hard linking test/isolated_tests/session/conftest.py -> yosai-0.1.0.post0+dirty/test/isolated_tests/session
hard linking test/isolated_tests/session/doubles.py -> yosai-0.1.0.post0+dirty/test/isolated_tests/session
hard linking test/isolated_tests/session/test_session.py -> yosai-0.1.0.post0+dirty/test/isolated_tests/session
hard linking test/isolated_tests/session/test_session_manager.py -> yosai-0.1.0.post0+dirty/test/isolated_tests/session
hard linking test/isolated_tests/session/test_session_store.py -> yosai-0.1.0.post0+dirty/test/isolated_tests/session
hard linking test/isolated_tests/session/untested.py -> yosai-0.1.0.post0+dirty/test/isolated_tests/session
hard linking test/isolated_tests/subject/__init__.py -> yosai-0.1.0.post0+dirty/test/isolated_tests/subject
hard linking test/isolated_tests/subject/conftest.py -> yosai-0.1.0.post0+dirty/test/isolated_tests/subject
hard linking test/isolated_tests/subject/test_identifier.py -> yosai-0.1.0.post0+dirty/test/isolated_tests/subject
hard linking test/isolated_tests/subject/test_subject.py -> yosai-0.1.0.post0+dirty/test/isolated_tests/subject
hard linking yosai/__init__.py -> yosai-0.1.0.post0+dirty/yosai
hard linking yosai.egg-info/PKG-INFO -> yosai-0.1.0.post0+dirty/yosai.egg-info
hard linking yosai.egg-info/SOURCES.txt -> yosai-0.1.0.post0+dirty/yosai.egg-info
hard linking yosai.egg-info/dependency_links.txt -> yosai-0.1.0.post0+dirty/yosai.egg-info
hard linking yosai.egg-info/not-zip-safe -> yosai-0.1.0.post0+dirty/yosai.egg-info
hard linking yosai.egg-info/requires.txt -> yosai-0.1.0.post0+dirty/yosai.egg-info
hard linking yosai.egg-info/top_level.txt -> yosai-0.1.0.post0+dirty/yosai.egg-info
hard linking yosai/core/__init__.py -> yosai-0.1.0.post0+dirty/yosai/core
hard linking yosai/core/exceptions.py -> yosai-0.1.0.post0+dirty/yosai/core
hard linking yosai/core/init_yosai.py -> yosai-0.1.0.post0+dirty/yosai/core
hard linking yosai/core/account/__init__.py -> yosai-0.1.0.post0+dirty/yosai/core/account
hard linking yosai/core/account/abcs.py -> yosai-0.1.0.post0+dirty/yosai/core/account
hard linking yosai/core/account/account.py -> yosai-0.1.0.post0+dirty/yosai/core/account
hard linking yosai/core/authc/VERSION.txt -> yosai-0.1.0.post0+dirty/yosai/core/authc
hard linking yosai/core/authc/__init__.py -> yosai-0.1.0.post0+dirty/yosai/core/authc
hard linking yosai/core/authc/abcs.py -> yosai-0.1.0.post0+dirty/yosai/core/authc
hard linking yosai/core/authc/authc.py -> yosai-0.1.0.post0+dirty/yosai/core/authc
hard linking yosai/core/authc/authc_account.py -> yosai-0.1.0.post0+dirty/yosai/core/authc
hard linking yosai/core/authc/context.py -> yosai-0.1.0.post0+dirty/yosai/core/authc
hard linking yosai/core/authc/credential.py -> yosai-0.1.0.post0+dirty/yosai/core/authc
hard linking yosai/core/authc/decorators.py -> yosai-0.1.0.post0+dirty/yosai/core/authc
hard linking yosai/core/authc/strategy.py -> yosai-0.1.0.post0+dirty/yosai/core/authc
hard linking yosai/core/authz/VERSION.txt -> yosai-0.1.0.post0+dirty/yosai/core/authz
hard linking yosai/core/authz/__init__.py -> yosai-0.1.0.post0+dirty/yosai/core/authz
hard linking yosai/core/authz/abcs.py -> yosai-0.1.0.post0+dirty/yosai/core/authz
hard linking yosai/core/authz/authz.py -> yosai-0.1.0.post0+dirty/yosai/core/authz
hard linking yosai/core/authz/decorators.py -> yosai-0.1.0.post0+dirty/yosai/core/authz
hard linking yosai/core/cache/NOTES.txt -> yosai-0.1.0.post0+dirty/yosai/core/cache
hard linking yosai/core/cache/__init__.py -> yosai-0.1.0.post0+dirty/yosai/core/cache
hard linking yosai/core/cache/abcs.py -> yosai-0.1.0.post0+dirty/yosai/core/cache
hard linking yosai/core/cache/cache.py -> yosai-0.1.0.post0+dirty/yosai/core/cache
hard linking yosai/core/concurrency/__init__.py -> yosai-0.1.0.post0+dirty/yosai/core/concurrency
hard linking yosai/core/concurrency/abcs.py -> yosai-0.1.0.post0+dirty/yosai/core/concurrency
hard linking yosai/core/concurrency/concurrency.py -> yosai-0.1.0.post0+dirty/yosai/core/concurrency
hard linking yosai/core/concurrency/tbd_concurrency.py -> yosai-0.1.0.post0+dirty/yosai/core/concurrency
hard linking yosai/core/conf/__init__.py -> yosai-0.1.0.post0+dirty/yosai/core/conf
hard linking yosai/core/conf/quickstart.ini -> yosai-0.1.0.post0+dirty/yosai/core/conf
hard linking yosai/core/conf/standalone.ini -> yosai-0.1.0.post0+dirty/yosai/core/conf
hard linking yosai/core/conf/yosai_settings.yaml -> yosai-0.1.0.post0+dirty/yosai/core/conf
hard linking yosai/core/conf/yosaisettings.py -> yosai-0.1.0.post0+dirty/yosai/core/conf
hard linking yosai/core/conf/env/common.env -> yosai-0.1.0.post0+dirty/yosai/core/conf/env
hard linking yosai/core/context/__init__.py -> yosai-0.1.0.post0+dirty/yosai/core/context
hard linking yosai/core/context/context.py -> yosai-0.1.0.post0+dirty/yosai/core/context
hard linking yosai/core/event/__init__.py -> yosai-0.1.0.post0+dirty/yosai/core/event
hard linking yosai/core/event/abcs.py -> yosai-0.1.0.post0+dirty/yosai/core/event
hard linking yosai/core/event/event.py -> yosai-0.1.0.post0+dirty/yosai/core/event
hard linking yosai/core/logging/__init__.py -> yosai-0.1.0.post0+dirty/yosai/core/logging
hard linking yosai/core/logging/formatters.py -> yosai-0.1.0.post0+dirty/yosai/core/logging
hard linking yosai/core/logging/slogging.py -> yosai-0.1.0.post0+dirty/yosai/core/logging
hard linking yosai/core/mgt/VERSION.txt -> yosai-0.1.0.post0+dirty/yosai/core/mgt
hard linking yosai/core/mgt/__init__.py -> yosai-0.1.0.post0+dirty/yosai/core/mgt
hard linking yosai/core/mgt/abcs.py -> yosai-0.1.0.post0+dirty/yosai/core/mgt
hard linking yosai/core/mgt/mgt.py -> yosai-0.1.0.post0+dirty/yosai/core/mgt
hard linking yosai/core/mgt/mgt_settings.py -> yosai-0.1.0.post0+dirty/yosai/core/mgt
hard linking yosai/core/realm/VERSION.txt -> yosai-0.1.0.post0+dirty/yosai/core/realm
hard linking yosai/core/realm/__init__.py -> yosai-0.1.0.post0+dirty/yosai/core/realm
hard linking yosai/core/realm/abcs.py -> yosai-0.1.0.post0+dirty/yosai/core/realm
hard linking yosai/core/realm/realm.py -> yosai-0.1.0.post0+dirty/yosai/core/realm
hard linking yosai/core/serialize/__init__.py -> yosai-0.1.0.post0+dirty/yosai/core/serialize
hard linking yosai/core/serialize/abcs.py -> yosai-0.1.0.post0+dirty/yosai/core/serialize
hard linking yosai/core/serialize/serialize.py -> yosai-0.1.0.post0+dirty/yosai/core/serialize
hard linking yosai/core/session/VERSION.txt -> yosai-0.1.0.post0+dirty/yosai/core/session
hard linking yosai/core/session/__init__.py -> yosai-0.1.0.post0+dirty/yosai/core/session
hard linking yosai/core/session/abcs.py -> yosai-0.1.0.post0+dirty/yosai/core/session
hard linking yosai/core/session/session.py -> yosai-0.1.0.post0+dirty/yosai/core/session
hard linking yosai/core/session/session_gen.py -> yosai-0.1.0.post0+dirty/yosai/core/session
hard linking yosai/core/session/session_settings.py -> yosai-0.1.0.post0+dirty/yosai/core/session
hard linking yosai/core/session/session_untested.py -> yosai-0.1.0.post0+dirty/yosai/core/session
hard linking yosai/core/subject/VERSION.txt -> yosai-0.1.0.post0+dirty/yosai/core/subject
hard linking yosai/core/subject/__init__.py -> yosai-0.1.0.post0+dirty/yosai/core/subject
hard linking yosai/core/subject/abcs.py -> yosai-0.1.0.post0+dirty/yosai/core/subject
hard linking yosai/core/subject/identifier.py -> yosai-0.1.0.post0+dirty/yosai/core/subject
hard linking yosai/core/subject/subject.py -> yosai-0.1.0.post0+dirty/yosai/core/subject
hard linking yosai/core/utils/__init__.py -> yosai-0.1.0.post0+dirty/yosai/core/utils
hard linking yosai/core/utils/utils.py -> yosai-0.1.0.post0+dirty/yosai/core/utils
hard linking yosai/web/__init__.py -> yosai-0.1.0.post0+dirty/yosai/web
hard linking yosai/web/exceptions.py -> yosai-0.1.0.post0+dirty/yosai/web
hard linking yosai/web/mgt/__init__.py -> yosai-0.1.0.post0+dirty/yosai/web/mgt
hard linking yosai/web/mgt/abcs.py -> yosai-0.1.0.post0+dirty/yosai/web/mgt
hard linking yosai/web/mgt/mgt.py -> yosai-0.1.0.post0+dirty/yosai/web/mgt
hard linking yosai/web/session/__init__.py -> yosai-0.1.0.post0+dirty/yosai/web/session
hard linking yosai/web/session/abcs.py -> yosai-0.1.0.post0+dirty/yosai/web/session
hard linking yosai/web/session/session.py -> yosai-0.1.0.post0+dirty/yosai/web/session
hard linking yosai/web/subject/__init__.py -> yosai-0.1.0.post0+dirty/yosai/web/subject
hard linking yosai/web/subject/abcs.py -> yosai-0.1.0.post0+dirty/yosai/web/subject
hard linking yosai/web/subject/subject.py -> yosai-0.1.0.post0+dirty/yosai/web/subject
hard linking yosai/web/utils/__init__.py -> yosai-0.1.0.post0+dirty/yosai/web/utils
hard linking yosai/web/utils/abcs.py -> yosai-0.1.0.post0+dirty/yosai/web/utils
copying setup.cfg -> yosai-0.1.0.post0+dirty
Writing yosai-0.1.0.post0+dirty/setup.cfg
creating .tox/dist
creating '.tox/dist/yosai-0.1.0.post0+dirty.zip' and adding 'yosai-0.1.0.post0+dirty' to it
adding 'yosai-0.1.0.post0+dirty/CHANGES.md'
adding 'yosai-0.1.0.post0+dirty/setup.py'
adding 'yosai-0.1.0.post0+dirty/setup.cfg'
adding 'yosai-0.1.0.post0+dirty/tox.ini'
adding 'yosai-0.1.0.post0+dirty/PKG-INFO'
adding 'yosai-0.1.0.post0+dirty/TO-DO.txt'
adding 'yosai-0.1.0.post0+dirty/.gitignore'
adding 'yosai-0.1.0.post0+dirty/contributors.txt'
adding 'yosai-0.1.0.post0+dirty/.coverage'
adding 'yosai-0.1.0.post0+dirty/README.md'
adding 'yosai-0.1.0.post0+dirty/CONTRIBUTING.md'
adding 'yosai-0.1.0.post0+dirty/CODE_OF_CONDUCT.md'
adding 'yosai-0.1.0.post0+dirty/LICENSE'
adding 'yosai-0.1.0.post0+dirty/yosai.egg-info/not-zip-safe'
adding 'yosai-0.1.0.post0+dirty/yosai.egg-info/PKG-INFO'
adding 'yosai-0.1.0.post0+dirty/yosai.egg-info/requires.txt'
adding 'yosai-0.1.0.post0+dirty/yosai.egg-info/SOURCES.txt'
adding 'yosai-0.1.0.post0+dirty/yosai.egg-info/dependency_links.txt'
adding 'yosai-0.1.0.post0+dirty/yosai.egg-info/top_level.txt'
adding 'yosai-0.1.0.post0+dirty/yosai/__init__.py'
adding 'yosai-0.1.0.post0+dirty/yosai/core/__init__.py'
adding 'yosai-0.1.0.post0+dirty/yosai/core/init_yosai.py'
adding 'yosai-0.1.0.post0+dirty/yosai/core/exceptions.py'
adding 'yosai-0.1.0.post0+dirty/yosai/core/concurrency/tbd_concurrency.py'
adding 'yosai-0.1.0.post0+dirty/yosai/core/concurrency/concurrency.py'
adding 'yosai-0.1.0.post0+dirty/yosai/core/concurrency/abcs.py'
adding 'yosai-0.1.0.post0+dirty/yosai/core/concurrency/__init__.py'
adding 'yosai-0.1.0.post0+dirty/yosai/core/context/__init__.py'
adding 'yosai-0.1.0.post0+dirty/yosai/core/context/context.py'
adding 'yosai-0.1.0.post0+dirty/yosai/core/session/session_gen.py'
adding 'yosai-0.1.0.post0+dirty/yosai/core/session/session.py'
adding 'yosai-0.1.0.post0+dirty/yosai/core/session/VERSION.txt'
adding 'yosai-0.1.0.post0+dirty/yosai/core/session/session_settings.py'
adding 'yosai-0.1.0.post0+dirty/yosai/core/session/session_untested.py'
adding 'yosai-0.1.0.post0+dirty/yosai/core/session/abcs.py'
adding 'yosai-0.1.0.post0+dirty/yosai/core/session/__init__.py'
adding 'yosai-0.1.0.post0+dirty/yosai/core/authc/decorators.py'
adding 'yosai-0.1.0.post0+dirty/yosai/core/authc/authc_account.py'
adding 'yosai-0.1.0.post0+dirty/yosai/core/authc/VERSION.txt'
adding 'yosai-0.1.0.post0+dirty/yosai/core/authc/authc.py'
adding 'yosai-0.1.0.post0+dirty/yosai/core/authc/credential.py'
adding 'yosai-0.1.0.post0+dirty/yosai/core/authc/abcs.py'
adding 'yosai-0.1.0.post0+dirty/yosai/core/authc/__init__.py'
adding 'yosai-0.1.0.post0+dirty/yosai/core/authc/strategy.py'
adding 'yosai-0.1.0.post0+dirty/yosai/core/authc/context.py'
adding 'yosai-0.1.0.post0+dirty/yosai/core/serialize/abcs.py'
adding 'yosai-0.1.0.post0+dirty/yosai/core/serialize/__init__.py'
adding 'yosai-0.1.0.post0+dirty/yosai/core/serialize/serialize.py'
adding 'yosai-0.1.0.post0+dirty/yosai/core/cache/NOTES.txt'
adding 'yosai-0.1.0.post0+dirty/yosai/core/cache/cache.py'
adding 'yosai-0.1.0.post0+dirty/yosai/core/cache/abcs.py'
adding 'yosai-0.1.0.post0+dirty/yosai/core/cache/__init__.py'
adding 'yosai-0.1.0.post0+dirty/yosai/core/conf/yosaisettings.py'
adding 'yosai-0.1.0.post0+dirty/yosai/core/conf/standalone.ini'
adding 'yosai-0.1.0.post0+dirty/yosai/core/conf/quickstart.ini'
adding 'yosai-0.1.0.post0+dirty/yosai/core/conf/__init__.py'
adding 'yosai-0.1.0.post0+dirty/yosai/core/conf/yosai_settings.yaml'
adding 'yosai-0.1.0.post0+dirty/yosai/core/conf/env/common.env'
adding 'yosai-0.1.0.post0+dirty/yosai/core/authz/decorators.py'
adding 'yosai-0.1.0.post0+dirty/yosai/core/authz/authz.py'
adding 'yosai-0.1.0.post0+dirty/yosai/core/authz/VERSION.txt'
adding 'yosai-0.1.0.post0+dirty/yosai/core/authz/abcs.py'
adding 'yosai-0.1.0.post0+dirty/yosai/core/authz/__init__.py'
adding 'yosai-0.1.0.post0+dirty/yosai/core/utils/utils.py'
adding 'yosai-0.1.0.post0+dirty/yosai/core/utils/__init__.py'
adding 'yosai-0.1.0.post0+dirty/yosai/core/realm/realm.py'
adding 'yosai-0.1.0.post0+dirty/yosai/core/realm/VERSION.txt'
adding 'yosai-0.1.0.post0+dirty/yosai/core/realm/abcs.py'
adding 'yosai-0.1.0.post0+dirty/yosai/core/realm/__init__.py'
adding 'yosai-0.1.0.post0+dirty/yosai/core/subject/VERSION.txt'
adding 'yosai-0.1.0.post0+dirty/yosai/core/subject/subject.py'
adding 'yosai-0.1.0.post0+dirty/yosai/core/subject/identifier.py'
adding 'yosai-0.1.0.post0+dirty/yosai/core/subject/abcs.py'
adding 'yosai-0.1.0.post0+dirty/yosai/core/subject/__init__.py'
adding 'yosai-0.1.0.post0+dirty/yosai/core/logging/slogging.py'
adding 'yosai-0.1.0.post0+dirty/yosai/core/logging/formatters.py'
adding 'yosai-0.1.0.post0+dirty/yosai/core/logging/__init__.py'
adding 'yosai-0.1.0.post0+dirty/yosai/core/event/event.py'
adding 'yosai-0.1.0.post0+dirty/yosai/core/event/abcs.py'
adding 'yosai-0.1.0.post0+dirty/yosai/core/event/__init__.py'
adding 'yosai-0.1.0.post0+dirty/yosai/core/mgt/mgt.py'
adding 'yosai-0.1.0.post0+dirty/yosai/core/mgt/mgt_settings.py'
adding 'yosai-0.1.0.post0+dirty/yosai/core/mgt/VERSION.txt'
adding 'yosai-0.1.0.post0+dirty/yosai/core/mgt/abcs.py'
adding 'yosai-0.1.0.post0+dirty/yosai/core/mgt/__init__.py'
adding 'yosai-0.1.0.post0+dirty/yosai/core/account/account.py'
adding 'yosai-0.1.0.post0+dirty/yosai/core/account/abcs.py'
adding 'yosai-0.1.0.post0+dirty/yosai/core/account/__init__.py'
adding 'yosai-0.1.0.post0+dirty/yosai/web/__init__.py'
adding 'yosai-0.1.0.post0+dirty/yosai/web/exceptions.py'
adding 'yosai-0.1.0.post0+dirty/yosai/web/session/session.py'
adding 'yosai-0.1.0.post0+dirty/yosai/web/session/abcs.py'
adding 'yosai-0.1.0.post0+dirty/yosai/web/session/__init__.py'
adding 'yosai-0.1.0.post0+dirty/yosai/web/utils/abcs.py'
adding 'yosai-0.1.0.post0+dirty/yosai/web/utils/__init__.py'
adding 'yosai-0.1.0.post0+dirty/yosai/web/subject/subject.py'
adding 'yosai-0.1.0.post0+dirty/yosai/web/subject/abcs.py'
adding 'yosai-0.1.0.post0+dirty/yosai/web/subject/__init__.py'
adding 'yosai-0.1.0.post0+dirty/yosai/web/mgt/mgt.py'
adding 'yosai-0.1.0.post0+dirty/yosai/web/mgt/abcs.py'
adding 'yosai-0.1.0.post0+dirty/yosai/web/mgt/__init__.py'
adding 'yosai-0.1.0.post0+dirty/test/doubles.py'
adding 'yosai-0.1.0.post0+dirty/test/conftest.py'
adding 'yosai-0.1.0.post0+dirty/test/__init__.py'
adding 'yosai-0.1.0.post0+dirty/test/isolated_tests/doubles.py'
adding 'yosai-0.1.0.post0+dirty/test/isolated_tests/conftest.py'
adding 'yosai-0.1.0.post0+dirty/test/isolated_tests/.coverage'
adding 'yosai-0.1.0.post0+dirty/test/isolated_tests/matcher.py'
adding 'yosai-0.1.0.post0+dirty/test/isolated_tests/__init__.py'
adding 'yosai-0.1.0.post0+dirty/test/isolated_tests/concurrency/test_concurrency.py'
adding 'yosai-0.1.0.post0+dirty/test/isolated_tests/concurrency/conftest.py'
adding 'yosai-0.1.0.post0+dirty/test/isolated_tests/concurrency/__init__.py'
adding 'yosai-0.1.0.post0+dirty/test/isolated_tests/concurrency/fixtures.py'
adding 'yosai-0.1.0.post0+dirty/test/isolated_tests/context/test_context.py'
adding 'yosai-0.1.0.post0+dirty/test/isolated_tests/context/conftest.py'
adding 'yosai-0.1.0.post0+dirty/test/isolated_tests/context/__init__.py'
adding 'yosai-0.1.0.post0+dirty/test/isolated_tests/session/test_session_manager.py'
adding 'yosai-0.1.0.post0+dirty/test/isolated_tests/session/doubles.py'
adding 'yosai-0.1.0.post0+dirty/test/isolated_tests/session/conftest.py'
adding 'yosai-0.1.0.post0+dirty/test/isolated_tests/session/untested.py'
adding 'yosai-0.1.0.post0+dirty/test/isolated_tests/session/test_session.py'
adding 'yosai-0.1.0.post0+dirty/test/isolated_tests/session/__init__.py'
adding 'yosai-0.1.0.post0+dirty/test/isolated_tests/session/test_session_store.py'
adding 'yosai-0.1.0.post0+dirty/test/isolated_tests/authc/test_authc_context.py'
adding 'yosai-0.1.0.post0+dirty/test/isolated_tests/authc/conftest.py'
adding 'yosai-0.1.0.post0+dirty/test/isolated_tests/authc/test_authc_account.py'
adding 'yosai-0.1.0.post0+dirty/test/isolated_tests/authc/test_authc_credential.py'
adding 'yosai-0.1.0.post0+dirty/test/isolated_tests/authc/test_authc_strategy.py'
adding 'yosai-0.1.0.post0+dirty/test/isolated_tests/authc/test_authc.py'
adding 'yosai-0.1.0.post0+dirty/test/isolated_tests/authc/__init__.py'
adding 'yosai-0.1.0.post0+dirty/test/isolated_tests/serialize/test_serialize.py'
adding 'yosai-0.1.0.post0+dirty/test/isolated_tests/serialize/doubles.py'
adding 'yosai-0.1.0.post0+dirty/test/isolated_tests/serialize/conftest.py'
adding 'yosai-0.1.0.post0+dirty/test/isolated_tests/serialize/__init__.py'
adding 'yosai-0.1.0.post0+dirty/test/isolated_tests/conf/test_conf.py'
adding 'yosai-0.1.0.post0+dirty/test/isolated_tests/conf/conftest.py'
adding 'yosai-0.1.0.post0+dirty/test/isolated_tests/conf/__init__.py'
adding 'yosai-0.1.0.post0+dirty/test/isolated_tests/authz/test_authz_permission.py'
adding 'yosai-0.1.0.post0+dirty/test/isolated_tests/authz/test_authz.py'
adding 'yosai-0.1.0.post0+dirty/test/isolated_tests/authz/doubles.py'
adding 'yosai-0.1.0.post0+dirty/test/isolated_tests/authz/conftest.py'
adding 'yosai-0.1.0.post0+dirty/test/isolated_tests/authz/__init__.py'
adding 'yosai-0.1.0.post0+dirty/test/isolated_tests/realm/test_realm.py'
adding 'yosai-0.1.0.post0+dirty/test/isolated_tests/realm/__init__.py'
adding 'yosai-0.1.0.post0+dirty/test/isolated_tests/subject/test_identifier.py'
adding 'yosai-0.1.0.post0+dirty/test/isolated_tests/subject/test_subject.py'
adding 'yosai-0.1.0.post0+dirty/test/isolated_tests/subject/conftest.py'
adding 'yosai-0.1.0.post0+dirty/test/isolated_tests/subject/__init__.py'
adding 'yosai-0.1.0.post0+dirty/test/isolated_tests/event/conftest.py'
adding 'yosai-0.1.0.post0+dirty/test/isolated_tests/event/test_event.py'
adding 'yosai-0.1.0.post0+dirty/test/isolated_tests/event/__init__.py'
adding 'yosai-0.1.0.post0+dirty/test/isolated_tests/mgt/test_mgt.py'
adding 'yosai-0.1.0.post0+dirty/test/isolated_tests/mgt/doubles.py'
adding 'yosai-0.1.0.post0+dirty/test/isolated_tests/mgt/conftest.py'
adding 'yosai-0.1.0.post0+dirty/test/isolated_tests/mgt/__init__.py'
adding 'yosai-0.1.0.post0+dirty/test/integrated_tests/conftest.py'
adding 'yosai-0.1.0.post0+dirty/test/integrated_tests/__init__.py'
adding 'yosai-0.1.0.post0+dirty/test/integrated_tests/session/conftest.py'
adding 'yosai-0.1.0.post0+dirty/test/integrated_tests/session/test_caching_session_management.py'
adding 'yosai-0.1.0.post0+dirty/test/integrated_tests/session/__init__.py'
adding 'yosai-0.1.0.post0+dirty/test/integrated_tests/authc/test_authentication.py'
adding 'yosai-0.1.0.post0+dirty/test/integrated_tests/authc/conftest.py'
adding 'yosai-0.1.0.post0+dirty/test/integrated_tests/authc/__init__.py'
adding 'yosai-0.1.0.post0+dirty/test/integrated_tests/authz/test_integrated_authz.py'
adding 'yosai-0.1.0.post0+dirty/test/integrated_tests/authz/conftest.py'
adding 'yosai-0.1.0.post0+dirty/test/integrated_tests/authz/__init__.py'
adding 'yosai-0.1.0.post0+dirty/test/integrated_tests/web/conftest.py'
adding 'yosai-0.1.0.post0+dirty/test/integrated_tests/web/test_web_session.py'
adding 'yosai-0.1.0.post0+dirty/test/integrated_tests/web/__init__.py'
adding 'yosai-0.1.0.post0+dirty/test/integrated_tests/realm/test_accountstore.py'
adding 'yosai-0.1.0.post0+dirty/test/integrated_tests/realm/test_multithreaded.py'
adding 'yosai-0.1.0.post0+dirty/test/integrated_tests/realm/__init__.py'
adding 'yosai-0.1.0.post0+dirty/test/integrated_tests/subject/test_subject.py'
adding 'yosai-0.1.0.post0+dirty/test/integrated_tests/subject/__init__.py'
adding 'yosai-0.1.0.post0+dirty/doc/mkdocs.yml'
adding 'yosai-0.1.0.post0+dirty/doc/docs/devstatus.md'
adding 'yosai-0.1.0.post0+dirty/doc/docs/library.md'
adding 'yosai-0.1.0.post0+dirty/doc/docs/quickstart.md'
adding 'yosai-0.1.0.post0+dirty/doc/docs/credits.md'
adding 'yosai-0.1.0.post0+dirty/doc/docs/web.md'
adding 'yosai-0.1.0.post0+dirty/doc/docs/events.md'
adding 'yosai-0.1.0.post0+dirty/doc/docs/authorization.md'
adding 'yosai-0.1.0.post0+dirty/doc/docs/serialization.md'
adding 'yosai-0.1.0.post0+dirty/doc/docs/installation_setup.md'
adding 'yosai-0.1.0.post0+dirty/doc/docs/sessionmanagement.md'
adding 'yosai-0.1.0.post0+dirty/doc/docs/intro.md'
adding 'yosai-0.1.0.post0+dirty/doc/docs/architecture.md'
adding 'yosai-0.1.0.post0+dirty/doc/docs/index.md'
adding 'yosai-0.1.0.post0+dirty/doc/docs/community.md'
adding 'yosai-0.1.0.post0+dirty/doc/docs/authentication.md'
adding 'yosai-0.1.0.post0+dirty/doc/docs/code_of_conduct.md'
adding 'yosai-0.1.0.post0+dirty/doc/docs/contributing.md'
adding 'yosai-0.1.0.post0+dirty/doc/docs/img/auth_cloud.png'
adding 'yosai-0.1.0.post0+dirty/doc/docs/img/yosai_header.jpg'
adding 'yosai-0.1.0.post0+dirty/doc/docs/img/cache_bw.png'
adding 'yosai-0.1.0.post0+dirty/doc/docs/img/marshmallow-logo.png'
adding 'yosai-0.1.0.post0+dirty/doc/docs/img/serialization_process.png'
adding 'yosai-0.1.0.post0+dirty/doc/docs/img/yosai_framework.png'
adding 'yosai-0.1.0.post0+dirty/doc/docs/img/sessionmanagement.png'
adding 'yosai-0.1.0.post0+dirty/doc/docs/img/arch_subject.png'
adding 'yosai-0.1.0.post0+dirty/doc/docs/img/yosai_logo_with_title.png'
adding 'yosai-0.1.0.post0+dirty/doc/docs/img/batteries_included.png'
adding 'yosai-0.1.0.post0+dirty/doc/docs/img/404.png'
adding 'yosai-0.1.0.post0+dirty/doc/docs/img/yosai_subject.png'
adding 'yosai-0.1.0.post0+dirty/doc/docs/img/train-wreck.jpg'
adding 'yosai-0.1.0.post0+dirty/doc/docs/img/yosai_runas.png'
adding 'yosai-0.1.0.post0+dirty/doc/docs/img/yosai_web_architecture.png'
adding 'yosai-0.1.0.post0+dirty/doc/docs/img/anon_architecture.png'
adding 'yosai-0.1.0.post0+dirty/doc/docs/img/yosai_architecture.png'
adding 'yosai-0.1.0.post0+dirty/doc/docs/img/pubsub.png'
adding 'yosai-0.1.0.post0+dirty/doc/docs/img/logs.png'
adding 'yosai-0.1.0.post0+dirty/doc/docs/img/session_event_processing.png'
adding 'yosai-0.1.0.post0+dirty/doc/docs/img/authorization.png'
adding 'yosai-0.1.0.post0+dirty/doc/docs/img/idle.png'
adding 'yosai-0.1.0.post0+dirty/doc/docs/img/authentication.jpg'
adding 'yosai-0.1.0.post0+dirty/doc/docs/img/yosai.svg'
adding 'yosai-0.1.0.post0+dirty/doc/docs/img/user_role_permission.png'
adding 'yosai-0.1.0.post0+dirty/doc/docs/img/respect.jpg'
adding 'yosai-0.1.0.post0+dirty/doc/docs/img/ttl.png'
adding 'yosai-0.1.0.post0+dirty/doc/docs/img/RBAC_hierarchy.png'
adding 'yosai-0.1.0.post0+dirty/doc/docs/img/finish_line.png'
adding 'yosai-0.1.0.post0+dirty/doc/docs/img/authc_authz_sess.png'
adding 'yosai-0.1.0.post0+dirty/doc/docs/img/project_under_development.jpg'
adding 'yosai-0.1.0.post0+dirty/doc/docs/img/eventdriven.png'
adding 'yosai-0.1.0.post0+dirty/doc/docs/img/apache-shiro-logo.png'
adding 'yosai-0.1.0.post0+dirty/doc/docs/img/pluggable_security.png'
adding 'yosai-0.1.0.post0+dirty/doc/docs/img/session_timeout.png'
adding 'yosai-0.1.0.post0+dirty/doc/docs/img/intro-bg.jpg'
adding 'yosai-0.1.0.post0+dirty/doc/docs/css/extra.css'
adding 'yosai-0.1.0.post0+dirty/doc/docs/js/web.md'
adding 'yosai-0.1.0.post0+dirty/doc/docs/js/extra.js'
removing 'yosai-0.1.0.post0+dirty' (and everything under it)
